  scan_effect.cpp
d:\desktop\scan_effect\scan_effect\scan_effect\scan_effect.cpp(155): warning C4244: 'initializing': conversion from 'float' to 'int', possible loss of data
d:\desktop\scan_effect\scan_effect\scan_effect\scan_effect.cpp(156): warning C4244: 'initializing': conversion from 'float' to 'int', possible loss of data
d:\desktop\scan_effect\scan_effect\scan_effect\scan_effect.cpp(159): warning C4244: 'initializing': conversion from 'float' to 'int', possible loss of data
d:\desktop\scan_effect\scan_effect\scan_effect\scan_effect.cpp(160): warning C4244: 'initializing': conversion from 'float' to 'int', possible loss of data
d:\desktop\scan_effect\scan_effect\scan_effect\scan_effect.cpp(204): warning C4244: '=': conversion from 'double' to 'int', possible loss of data
d:\desktop\scan_effect\scan_effect\scan_effect\scan_effect.cpp(254): warning C4267: 'initializing': conversion from 'size_t' to 'int', possible loss of data
d:\desktop\scan_effect\scan_effect\scan_effect\scan_effect.cpp(291): warning C4244: 'initializing': conversion from 'float' to 'int', possible loss of data
d:\desktop\scan_effect\scan_effect\scan_effect\scan_effect.cpp(343): warning C4244: 'argument': conversion from 'int' to '_Tp', possible loss of data
          with
          [
              _Tp=float
          ]
d:\desktop\scan_effect\scan_effect\scan_effect\scan_effect.cpp(344): warning C4244: 'argument': conversion from 'int' to '_Tp', possible loss of data
          with
          [
              _Tp=float
          ]
d:\desktop\scan_effect\scan_effect\scan_effect\scan_effect.cpp(346): warning C4244: 'argument': conversion from 'int' to '_Tp', possible loss of data
          with
          [
              _Tp=float
          ]
  Generating code
  1 of 702 functions ( 0.1%) were compiled, the rest were copied from previous compilation.
    0 functions were new in current compilation
    14 functions had inline decision re-evaluated but remain unchanged
  Finished generating code
  scan_effect.vcxproj -> D:\Desktop\scan_effect\scan_effect\x64\Release\scan_effect.exe
